[08-Aug-2025 03:20:30 Europe/Berlin] === starting program execution ===
[08-Aug-2025 03:20:30 Europe/Berlin] Cleaned URI: /deptMaster
[08-Aug-2025 03:20:30 Europe/Berlin] === in process service getAllDepartment==
[08-Aug-2025 03:20:30 Europe/Berlin] sql department  select * from department
[08-Aug-2025 03:21:24 Europe/Berlin] === starting program execution ===
[08-Aug-2025 03:21:24 Europe/Berlin] Cleaned URI: /deptMaster
[08-Aug-2025 03:21:24 Europe/Berlin] === in process service getAllDepartment==
[08-Aug-2025 03:21:24 Europe/Berlin] sql department  select * from department
[08-Aug-2025 03:22:24 Europe/Berlin] === starting program execution ===
[08-Aug-2025 03:22:24 Europe/Berlin] Cleaned URI: /deptMaster
[08-Aug-2025 03:22:24 Europe/Berlin] === in process service getAllDepartment==
[08-Aug-2025 03:22:24 Europe/Berlin] sql department  select * from department
[08-Aug-2025 03:23:55 Europe/Berlin] === starting program execution ===
[08-Aug-2025 03:23:55 Europe/Berlin] Cleaned URI: /deptMaster
[08-Aug-2025 03:23:55 Europe/Berlin] === in process service getAllDepartment==
[08-Aug-2025 03:23:55 Europe/Berlin] sql department  select * from department
[08-Aug-2025 03:24:20 Europe/Berlin] === starting program execution ===
[08-Aug-2025 03:24:20 Europe/Berlin] Cleaned URI: /deptMaster
[08-Aug-2025 03:24:20 Europe/Berlin] === in process service getAllDepartment==
[08-Aug-2025 03:24:20 Europe/Berlin] sql department  select * from department
[08-Aug-2025 03:25:26 Europe/Berlin] === starting program execution ===
[08-Aug-2025 03:25:26 Europe/Berlin] Cleaned URI: /deptMaster
[08-Aug-2025 03:25:26 Europe/Berlin] === in process service getAllDepartment==
[08-Aug-2025 03:25:26 Europe/Berlin] sql department  select * from department
[08-Aug-2025 03:25:56 Europe/Berlin] === starting program execution ===
[08-Aug-2025 03:25:56 Europe/Berlin] Cleaned URI: /deptMaster
[08-Aug-2025 03:25:56 Europe/Berlin] === in createdepartment controller===
[08-Aug-2025 03:25:56 Europe/Berlin] input 
[08-Aug-2025 03:25:56 Europe/Berlin] === in process service department==
[08-Aug-2025 03:25:56 Europe/Berlin] === in saveDepartment DeptModel===
[08-Aug-2025 03:25:56 Europe/Berlin] sql Department save  INSERT INTO department (name,createdAt, createdBy)
                VALUES ('fgggfd',NOW(), 'ganga')
[08-Aug-2025 03:25:56 Europe/Berlin] DeptModel save called
[08-Aug-2025 03:26:00 Europe/Berlin] === starting program execution ===
[08-Aug-2025 03:26:00 Europe/Berlin] Cleaned URI: /deptMaster
[08-Aug-2025 03:26:00 Europe/Berlin] === in process service getAllDepartment==
[08-Aug-2025 03:26:00 Europe/Berlin] sql department  select * from department
[08-Aug-2025 03:26:21 Europe/Berlin] === starting program execution ===
[08-Aug-2025 03:26:21 Europe/Berlin] Cleaned URI: /deptMaster
[08-Aug-2025 03:26:21 Europe/Berlin] === in process service getAllDepartment==
[08-Aug-2025 03:26:21 Europe/Berlin] sql department  select * from department
[08-Aug-2025 03:26:57 Europe/Berlin] === starting program execution ===
[08-Aug-2025 03:26:57 Europe/Berlin] Cleaned URI: /deptMaster
[08-Aug-2025 03:26:57 Europe/Berlin] === in process service getAllDepartment==
[08-Aug-2025 03:26:57 Europe/Berlin] sql department  select * from department
[08-Aug-2025 03:27:46 Europe/Berlin] === starting program execution ===
[08-Aug-2025 03:27:46 Europe/Berlin] Cleaned URI: /deptMaster
[08-Aug-2025 03:27:46 Europe/Berlin] === in process service getAllDepartment==
[08-Aug-2025 03:27:46 Europe/Berlin] sql department  select * from department
[08-Aug-2025 03:28:04 Europe/Berlin] === starting program execution ===
[08-Aug-2025 03:28:04 Europe/Berlin] Cleaned URI: /deptMaster
[08-Aug-2025 03:28:04 Europe/Berlin] === in process service getAllDepartment==
[08-Aug-2025 03:28:04 Europe/Berlin] sql department  select * from department
[08-Aug-2025 03:29:17 Europe/Berlin] === starting program execution ===
[08-Aug-2025 03:29:17 Europe/Berlin] Cleaned URI: /deptMaster
[08-Aug-2025 03:29:17 Europe/Berlin] === in process service getAllDepartment==
[08-Aug-2025 03:29:17 Europe/Berlin] sql department  select * from department
[08-Aug-2025 05:57:16 Europe/Berlin] === starting program execution ===
[08-Aug-2025 05:57:16 Europe/Berlin] Cleaned URI: /deptMaster
[08-Aug-2025 05:57:16 Europe/Berlin] === in process service getAllDepartment==
[08-Aug-2025 05:57:16 Europe/Berlin] sql department  select * from department
[08-Aug-2025 05:57:41 Europe/Berlin] === starting program execution ===
[08-Aug-2025 05:57:41 Europe/Berlin] Cleaned URI: /deptMaster
[08-Aug-2025 05:57:41 Europe/Berlin] === in process service getAllDepartment==
[08-Aug-2025 05:57:41 Europe/Berlin] sql department  select * from department
[08-Aug-2025 05:58:15 Europe/Berlin] === starting program execution ===
[08-Aug-2025 05:58:15 Europe/Berlin] Cleaned URI: /deptMaster
[08-Aug-2025 05:58:15 Europe/Berlin] === in process service getAllDepartment==
[08-Aug-2025 05:58:15 Europe/Berlin] sql department  select * from department
[08-Aug-2025 05:58:39 Europe/Berlin] === starting program execution ===
[08-Aug-2025 05:58:39 Europe/Berlin] Cleaned URI: /deptMaster
[08-Aug-2025 05:58:39 Europe/Berlin] === in process service getAllDepartment==
[08-Aug-2025 05:58:39 Europe/Berlin] sql department  select * from department
[08-Aug-2025 05:59:53 Europe/Berlin] === starting program execution ===
[08-Aug-2025 05:59:53 Europe/Berlin] Cleaned URI: /deptMaster
[08-Aug-2025 05:59:53 Europe/Berlin] === in process service getAllDepartment==
[08-Aug-2025 05:59:53 Europe/Berlin] sql department  select * from department
[08-Aug-2025 06:01:15 Europe/Berlin] === starting program execution ===
[08-Aug-2025 06:01:15 Europe/Berlin] Cleaned URI: /deptMaster
[08-Aug-2025 06:01:15 Europe/Berlin] === in process service getAllDepartment==
[08-Aug-2025 06:01:15 Europe/Berlin] sql department  select * from department
[08-Aug-2025 06:02:48 Europe/Berlin] === starting program execution ===
[08-Aug-2025 06:02:48 Europe/Berlin] Cleaned URI: /deptMaster
[08-Aug-2025 06:02:48 Europe/Berlin] === in process service getAllDepartment==
[08-Aug-2025 06:02:48 Europe/Berlin] sql department  select * from department
[08-Aug-2025 06:02:52 Europe/Berlin] === starting program execution ===
[08-Aug-2025 06:02:52 Europe/Berlin] Cleaned URI: /deptMaster
[08-Aug-2025 06:02:52 Europe/Berlin] === in process service getAllDepartment==
[08-Aug-2025 06:02:52 Europe/Berlin] sql department  select * from department
[08-Aug-2025 06:03:25 Europe/Berlin] === starting program execution ===
[08-Aug-2025 06:03:25 Europe/Berlin] Cleaned URI: /deptMaster
[08-Aug-2025 06:03:25 Europe/Berlin] === in process service getAllDepartment==
[08-Aug-2025 06:03:25 Europe/Berlin] sql department  select * from department
[08-Aug-2025 06:03:41 Europe/Berlin] === starting program execution ===
[08-Aug-2025 06:03:41 Europe/Berlin] Cleaned URI: /deptMaster
[08-Aug-2025 06:03:41 Europe/Berlin] === in createdepartment controller===
[08-Aug-2025 06:03:41 Europe/Berlin] input 
[08-Aug-2025 06:03:41 Europe/Berlin] === in process service department==
[08-Aug-2025 06:03:41 Europe/Berlin] === in saveDepartment DeptModel===
[08-Aug-2025 06:03:41 Europe/Berlin] sql Department save  INSERT INTO department (name,createdAt, createdBy)
                VALUES ('ccvcxccvxv',NOW(), 'ganga')
[08-Aug-2025 06:03:41 Europe/Berlin] DeptModel save called
[08-Aug-2025 06:09:14 Europe/Berlin] === starting program execution ===
[08-Aug-2025 06:09:14 Europe/Berlin] Cleaned URI: /deptMaster
[08-Aug-2025 06:09:14 Europe/Berlin] === in process service getAllDepartment==
[08-Aug-2025 06:09:14 Europe/Berlin] sql department  select * from department
[08-Aug-2025 06:10:21 Europe/Berlin] === starting program execution ===
[08-Aug-2025 06:10:21 Europe/Berlin] Cleaned URI: /deptMaster
[08-Aug-2025 06:10:21 Europe/Berlin] === in process service getAllDepartment==
[08-Aug-2025 06:10:21 Europe/Berlin] sql department  select * from department
[08-Aug-2025 06:10:40 Europe/Berlin] === starting program execution ===
[08-Aug-2025 06:10:40 Europe/Berlin] Cleaned URI: /deptMaster
[08-Aug-2025 06:10:40 Europe/Berlin] === in process service getAllDepartment==
[08-Aug-2025 06:10:40 Europe/Berlin] sql department  select * from department
[08-Aug-2025 06:42:12 Europe/Berlin] === starting program execution ===
[08-Aug-2025 06:42:12 Europe/Berlin] Cleaned URI: /deptMaster
[08-Aug-2025 06:42:12 Europe/Berlin] === in process service getAllDepartment==
[08-Aug-2025 06:42:12 Europe/Berlin] sql department  select * from department
[08-Aug-2025 06:46:00 Europe/Berlin] === starting program execution ===
[08-Aug-2025 06:46:00 Europe/Berlin] Cleaned URI: /deptMaster
[08-Aug-2025 06:46:00 Europe/Berlin] === in process service getAllDepartment==
[08-Aug-2025 06:46:00 Europe/Berlin] sql department  select * from department
[08-Aug-2025 06:57:53 Europe/Berlin] === starting program execution ===
[08-Aug-2025 06:57:53 Europe/Berlin] Cleaned URI: /deptMaster
[08-Aug-2025 06:57:53 Europe/Berlin] === in process service getAllDepartment==
[08-Aug-2025 06:57:53 Europe/Berlin] sql department  select * from department
[08-Aug-2025 06:58:33 Europe/Berlin] === starting program execution ===
[08-Aug-2025 06:58:33 Europe/Berlin] Cleaned URI: /deptMaster
[08-Aug-2025 06:58:33 Europe/Berlin] === in process service getAllDepartment==
[08-Aug-2025 06:58:33 Europe/Berlin] sql department  select * from department
[08-Aug-2025 06:59:01 Europe/Berlin] === starting program execution ===
[08-Aug-2025 06:59:01 Europe/Berlin] Cleaned URI: /deptMaster
[08-Aug-2025 06:59:01 Europe/Berlin] === in process service getAllDepartment==
[08-Aug-2025 06:59:01 Europe/Berlin] sql department  select * from department
[08-Aug-2025 07:00:07 Europe/Berlin] === starting program execution ===
[08-Aug-2025 07:00:07 Europe/Berlin] Cleaned URI: /deptMaster
[08-Aug-2025 07:00:07 Europe/Berlin] === in process service getAllDepartment==
[08-Aug-2025 07:00:07 Europe/Berlin] sql department  select * from department
[08-Aug-2025 07:00:10 Europe/Berlin] === starting program execution ===
[08-Aug-2025 07:00:10 Europe/Berlin] Cleaned URI: /deptMaster
[08-Aug-2025 07:00:10 Europe/Berlin] === in process service getAllDepartment==
[08-Aug-2025 07:00:10 Europe/Berlin] sql department  select * from department
[08-Aug-2025 07:00:43 Europe/Berlin] === starting program execution ===
[08-Aug-2025 07:00:43 Europe/Berlin] Cleaned URI: /deptMaster
[08-Aug-2025 07:00:43 Europe/Berlin] === in process service getAllDepartment==
[08-Aug-2025 07:00:43 Europe/Berlin] sql department  select * from department
[08-Aug-2025 07:54:22 Europe/Berlin] === starting program execution ===
[08-Aug-2025 07:54:23 Europe/Berlin] Cleaned URI: /deptMaster
[08-Aug-2025 07:54:23 Europe/Berlin] === in process service getAllDepartment==
[08-Aug-2025 07:54:23 Europe/Berlin] sql department  select * from department
[08-Aug-2025 07:54:36 Europe/Berlin] === starting program execution ===
[08-Aug-2025 07:54:36 Europe/Berlin] Cleaned URI: /deptMaster
[08-Aug-2025 07:54:36 Europe/Berlin] === in process service getAllDepartment==
[08-Aug-2025 07:54:36 Europe/Berlin] sql department  select * from department
[08-Aug-2025 08:25:52 Europe/Berlin] === starting program execution ===
[08-Aug-2025 08:25:52 Europe/Berlin] Cleaned URI: /deptMaster
[08-Aug-2025 08:25:52 Europe/Berlin] === in process service getAllDepartment==
[08-Aug-2025 08:25:52 Europe/Berlin] sql department  select * from department
[08-Aug-2025 08:25:56 Europe/Berlin] === starting program execution ===
[08-Aug-2025 08:25:56 Europe/Berlin] Cleaned URI: /deptMaster
[08-Aug-2025 08:25:56 Europe/Berlin] === in process service getAllDepartment==
[08-Aug-2025 08:25:56 Europe/Berlin] sql department  select * from department
[08-Aug-2025 08:26:57 Europe/Berlin] === starting program execution ===
[08-Aug-2025 08:26:57 Europe/Berlin] Cleaned URI: /deptMaster
[08-Aug-2025 08:26:57 Europe/Berlin] === in process service getAllDepartment==
[08-Aug-2025 08:26:57 Europe/Berlin] sql department  select * from department
[08-Aug-2025 13:23:29 Europe/Berlin] === starting program execution ===
[08-Aug-2025 13:23:29 Europe/Berlin] Cleaned URI: /deptMaster
[08-Aug-2025 13:23:29 Europe/Berlin] === in process service getAllDepartment==
[08-Aug-2025 13:23:29 Europe/Berlin] sql department  select * from department
[08-Aug-2025 13:23:56 Europe/Berlin] === starting program execution ===
[08-Aug-2025 13:23:56 Europe/Berlin] Cleaned URI: /deptMaster
[08-Aug-2025 13:23:56 Europe/Berlin] === in process service getAllDepartment==
[08-Aug-2025 13:23:56 Europe/Berlin] sql department  select * from department
[08-Aug-2025 13:28:52 Europe/Berlin] === starting program execution ===
[08-Aug-2025 13:28:52 Europe/Berlin] Cleaned URI: /deptMaster
[08-Aug-2025 13:28:52 Europe/Berlin] === in process service getAllDepartment==
[08-Aug-2025 13:28:52 Europe/Berlin] sql department  select * from department
[08-Aug-2025 13:31:44 Europe/Berlin] === starting program execution ===
[08-Aug-2025 13:31:44 Europe/Berlin] Cleaned URI: /deptMaster
[08-Aug-2025 13:31:44 Europe/Berlin] === in process service getAllDepartment==
[08-Aug-2025 13:31:44 Europe/Berlin] sql department  select * from department
[08-Aug-2025 13:31:52 Europe/Berlin] === starting program execution ===
[08-Aug-2025 13:31:52 Europe/Berlin] Cleaned URI: /deptMaster
[08-Aug-2025 13:31:52 Europe/Berlin] === in process service getAllDepartment==
[08-Aug-2025 13:31:52 Europe/Berlin] sql department  select * from department
[08-Aug-2025 13:35:48 Europe/Berlin] === starting program execution ===
[08-Aug-2025 13:35:48 Europe/Berlin] Cleaned URI: /deptMaster
[08-Aug-2025 13:35:48 Europe/Berlin] === in process service getAllDepartment==
[08-Aug-2025 13:35:48 Europe/Berlin] sql department  select * from department
[08-Aug-2025 13:36:17 Europe/Berlin] === starting program execution ===
[08-Aug-2025 13:36:17 Europe/Berlin] Cleaned URI: /deptMaster
[08-Aug-2025 13:36:17 Europe/Berlin] === in process service getAllDepartment==
[08-Aug-2025 13:36:17 Europe/Berlin] sql department  select * from department
[08-Aug-2025 13:36:30 Europe/Berlin] === starting program execution ===
[08-Aug-2025 13:36:30 Europe/Berlin] Cleaned URI: /deptMaster
[08-Aug-2025 13:36:30 Europe/Berlin] === in process service getAllDepartment==
[08-Aug-2025 13:36:30 Europe/Berlin] sql department  select * from department
[08-Aug-2025 13:37:48 Europe/Berlin] === starting program execution ===
[08-Aug-2025 13:37:48 Europe/Berlin] Cleaned URI: /deptMaster
[08-Aug-2025 13:37:48 Europe/Berlin] === in process service getAllDepartment==
[08-Aug-2025 13:37:48 Europe/Berlin] sql department  select * from department
[08-Aug-2025 13:51:23 Europe/Berlin] === starting program execution ===
[08-Aug-2025 13:51:23 Europe/Berlin] Cleaned URI: /deptMaster
[08-Aug-2025 13:51:23 Europe/Berlin] === in process service getAllDepartment==
[08-Aug-2025 13:51:23 Europe/Berlin] sql department  select * from department
[08-Aug-2025 13:51:39 Europe/Berlin] === starting program execution ===
[08-Aug-2025 13:51:39 Europe/Berlin] Cleaned URI: /deptMaster
[08-Aug-2025 13:51:39 Europe/Berlin] === in createdepartment controller===
[08-Aug-2025 13:51:39 Europe/Berlin] input 
[08-Aug-2025 13:51:39 Europe/Berlin] === in process service department==
[08-Aug-2025 13:51:39 Europe/Berlin] === in saveDepartment DeptModel===
[08-Aug-2025 13:51:39 Europe/Berlin] sql Department save  INSERT INTO department (name,createdAt, createdBy)
                VALUES ('fffsff',NOW(), 'ganga')
[08-Aug-2025 13:51:39 Europe/Berlin] DeptModel save called
[08-Aug-2025 13:52:15 Europe/Berlin] === starting program execution ===
[08-Aug-2025 13:52:15 Europe/Berlin] Cleaned URI: /deptMaster
[08-Aug-2025 13:52:15 Europe/Berlin] === in process service getAllDepartment==
[08-Aug-2025 13:52:15 Europe/Berlin] sql department  select * from department
[08-Aug-2025 13:52:25 Europe/Berlin] === starting program execution ===
[08-Aug-2025 13:52:25 Europe/Berlin] Cleaned URI: /deptMaster
[08-Aug-2025 13:52:25 Europe/Berlin] === in process service getAllDepartment==
[08-Aug-2025 13:52:25 Europe/Berlin] sql department  select * from department
[08-Aug-2025 13:52:59 Europe/Berlin] === starting program execution ===
[08-Aug-2025 13:52:59 Europe/Berlin] Cleaned URI: /deptMaster
[08-Aug-2025 13:52:59 Europe/Berlin] === in process service getAllDepartment==
[08-Aug-2025 13:52:59 Europe/Berlin] sql department  select * from department
[08-Aug-2025 13:53:08 Europe/Berlin] === starting program execution ===
[08-Aug-2025 13:53:08 Europe/Berlin] Cleaned URI: /deptMaster
[08-Aug-2025 13:53:08 Europe/Berlin] === in createdepartment controller===
[08-Aug-2025 13:53:08 Europe/Berlin] input 
[08-Aug-2025 13:53:08 Europe/Berlin] === in process service department==
[08-Aug-2025 13:53:08 Europe/Berlin] === in saveDepartment DeptModel===
[08-Aug-2025 13:53:08 Europe/Berlin] sql Department save  INSERT INTO department (name,createdAt, createdBy)
                VALUES ('dfdfs',NOW(), 'ganga')
[08-Aug-2025 13:53:08 Europe/Berlin] DeptModel save called
[08-Aug-2025 13:53:13 Europe/Berlin] === starting program execution ===
[08-Aug-2025 13:53:13 Europe/Berlin] Cleaned URI: /deptMaster
[08-Aug-2025 13:53:13 Europe/Berlin] === in process service getAllDepartment==
[08-Aug-2025 13:53:13 Europe/Berlin] sql department  select * from department
[08-Aug-2025 13:56:21 Europe/Berlin] === starting program execution ===
[08-Aug-2025 13:56:21 Europe/Berlin] Cleaned URI: /deptMaster
[08-Aug-2025 13:56:21 Europe/Berlin] === in process service getAllDepartment==
[08-Aug-2025 13:56:21 Europe/Berlin] sql department  select * from department
[08-Aug-2025 13:57:08 Europe/Berlin] === starting program execution ===
[08-Aug-2025 13:57:08 Europe/Berlin] Cleaned URI: /deptMaster
[08-Aug-2025 13:57:08 Europe/Berlin] === in process service getAllDepartment==
[08-Aug-2025 13:57:08 Europe/Berlin] sql department  select * from department
[08-Aug-2025 13:57:35 Europe/Berlin] === starting program execution ===
[08-Aug-2025 13:57:35 Europe/Berlin] Cleaned URI: /deptMaster
[08-Aug-2025 13:57:35 Europe/Berlin] === in process service getAllDepartment==
[08-Aug-2025 13:57:35 Europe/Berlin] sql department  select * from department
[08-Aug-2025 13:57:43 Europe/Berlin] === starting program execution ===
[08-Aug-2025 13:57:43 Europe/Berlin] Cleaned URI: /deptMaster
[08-Aug-2025 13:57:43 Europe/Berlin] === in process service getAllDepartment==
[08-Aug-2025 13:57:43 Europe/Berlin] sql department  select * from department
[08-Aug-2025 14:00:43 Europe/Berlin] === starting program execution ===
[08-Aug-2025 14:00:43 Europe/Berlin] Cleaned URI: /deptMaster
[08-Aug-2025 14:00:44 Europe/Berlin] === in process service getAllDepartment==
[08-Aug-2025 14:00:44 Europe/Berlin] sql department  select * from department
[08-Aug-2025 14:12:22 Europe/Berlin] === starting program execution ===
[08-Aug-2025 14:12:22 Europe/Berlin] Cleaned URI: /deptMaster
[08-Aug-2025 14:12:22 Europe/Berlin] === in process service getAllDepartment==
[08-Aug-2025 14:12:22 Europe/Berlin] sql department  select * from department
[08-Aug-2025 14:17:25 Europe/Berlin] === starting program execution ===
[08-Aug-2025 14:17:25 Europe/Berlin] Cleaned URI: /deptMaster
[08-Aug-2025 14:17:25 Europe/Berlin] === in process service getAllDepartment==
[08-Aug-2025 14:17:25 Europe/Berlin] sql department  select * from department
[08-Aug-2025 14:17:43 Europe/Berlin] === starting program execution ===
[08-Aug-2025 14:17:43 Europe/Berlin] Cleaned URI: /deptMaster
[08-Aug-2025 14:17:43 Europe/Berlin] === in process service getAllDepartment==
[08-Aug-2025 14:17:43 Europe/Berlin] sql department  select * from department
[08-Aug-2025 15:22:13 Europe/Berlin] === starting program execution ===
[08-Aug-2025 15:22:13 Europe/Berlin] Cleaned URI: /deptMaster
[08-Aug-2025 15:22:13 Europe/Berlin] === in process service getAllDepartment==
[08-Aug-2025 15:22:13 Europe/Berlin] sql department  select * from department
[08-Aug-2025 15:35:59 Europe/Berlin] === starting program execution ===
[08-Aug-2025 15:35:59 Europe/Berlin] Cleaned URI: /deptMaster
[08-Aug-2025 15:35:59 Europe/Berlin] === in process service getAllDepartment==
[08-Aug-2025 15:35:59 Europe/Berlin] sql department  select * from department
[08-Aug-2025 15:36:25 Europe/Berlin] === starting program execution ===
[08-Aug-2025 15:36:25 Europe/Berlin] Cleaned URI: /deptMaster
[08-Aug-2025 15:36:25 Europe/Berlin] === in process service getAllDepartment==
[08-Aug-2025 15:36:25 Europe/Berlin] sql department  select * from department
[08-Aug-2025 15:37:00 Europe/Berlin] === starting program execution ===
[08-Aug-2025 15:37:00 Europe/Berlin] Cleaned URI: /deptMaster
[08-Aug-2025 15:37:00 Europe/Berlin] === in process service getAllDepartment==
[08-Aug-2025 15:37:00 Europe/Berlin] sql department  select * from department
[08-Aug-2025 15:37:32 Europe/Berlin] === starting program execution ===
[08-Aug-2025 15:37:32 Europe/Berlin] Cleaned URI: /deptMaster
[08-Aug-2025 15:37:32 Europe/Berlin] === in process service getAllDepartment==
[08-Aug-2025 15:37:32 Europe/Berlin] sql department  select * from department
[08-Aug-2025 15:38:11 Europe/Berlin] === starting program execution ===
[08-Aug-2025 15:38:11 Europe/Berlin] Cleaned URI: /deptMaster
[08-Aug-2025 15:38:11 Europe/Berlin] === in process service getAllDepartment==
[08-Aug-2025 15:38:11 Europe/Berlin] sql department  select * from department
[08-Aug-2025 15:38:25 Europe/Berlin] === starting program execution ===
[08-Aug-2025 15:38:25 Europe/Berlin] Cleaned URI: /deptMaster
[08-Aug-2025 15:38:25 Europe/Berlin] === in process service getAllDepartment==
[08-Aug-2025 15:38:25 Europe/Berlin] sql department  select * from department
[08-Aug-2025 15:39:06 Europe/Berlin] === starting program execution ===
[08-Aug-2025 15:39:06 Europe/Berlin] Cleaned URI: /deptMaster
[08-Aug-2025 15:39:06 Europe/Berlin] === in process service getAllDepartment==
[08-Aug-2025 15:39:06 Europe/Berlin] sql department  select * from department
[08-Aug-2025 15:39:18 Europe/Berlin] === starting program execution ===
[08-Aug-2025 15:39:18 Europe/Berlin] Cleaned URI: /deptMaster
[08-Aug-2025 15:39:18 Europe/Berlin] === in process service getAllDepartment==
[08-Aug-2025 15:39:18 Europe/Berlin] sql department  select * from department
[10-Aug-2025 11:46:47 Europe/Berlin] === starting program execution ===
[10-Aug-2025 11:46:47 Europe/Berlin] Cleaned URI: /branchMaster
[10-Aug-2025 11:46:47 Europe/Berlin] === in createBranch controller===
[10-Aug-2025 11:46:47 Europe/Berlin] input 
[10-Aug-2025 11:46:47 Europe/Berlin] === in process service===
[10-Aug-2025 11:46:47 Europe/Berlin] === in saveBranch BranchModel===
[10-Aug-2025 11:46:47 Europe/Berlin] sql branch  INSERT INTO branchmaster (name, email, url, phoneNo, mobile, officeType, eDate, createdAt, createdBy)
                VALUES ('df', 'dfdfg', 'dfgdf', '34554', '34556567', 'main', '', NOW(), 'ganga')
[10-Aug-2025 11:46:47 Europe/Berlin] BranchModel save called
[10-Aug-2025 11:46:47 Europe/Berlin] id is  43
[10-Aug-2025 11:46:47 Europe/Berlin] === in saveFile Filemodel===
[10-Aug-2025 11:46:47 Europe/Berlin] PHP Warning:  Undefined property: stdClass::$blob in C:\xampp\htdocs\php\model\FileModel.php on line 11
[10-Aug-2025 11:46:47 Europe/Berlin] === in saveFile Filemodel ends===
[10-Aug-2025 11:46:47 Europe/Berlin] === in saveAddress AddressModel===
[10-Aug-2025 11:46:47 Europe/Berlin] PHP Warning:  Undefined property: stdClass::$inputAddress in C:\xampp\htdocs\php\model\AddressModel.php on line 8
[10-Aug-2025 11:46:47 Europe/Berlin] PHP Fatal error:  Uncaught TypeError: mysqli_real_escape_string(): Argument #2 ($string) must be of type string, stdClass given in C:\xampp\htdocs\php\model\AddressModel.php:10
Stack trace:
#0 C:\xampp\htdocs\php\model\AddressModel.php(10): mysqli_real_escape_string(Object(mysqli), Object(stdClass))
#1 C:\xampp\htdocs\php\service\branchService.php(29): AddressModel->saveAddress(Object(mysqli), Object(stdClass), 'branch', 'office', 43)
#2 C:\xampp\htdocs\php\controllers\branchController.php(27): BranchService->process(Object(mysqli), Object(stdClass))
#3 C:\xampp\htdocs\php\api\branchRoutes.php(9): BranchController->createBranch()
#4 C:\xampp\htdocs\php\api\api.php(23): require('C:\\xampp\\htdocs...')
#5 {main}
  thrown in C:\xampp\htdocs\php\model\AddressModel.php on line 10
[10-Aug-2025 12:03:18 Europe/Berlin] === starting program execution ===
[10-Aug-2025 12:03:18 Europe/Berlin] Cleaned URI: /branchMaster
[10-Aug-2025 12:03:18 Europe/Berlin] === in createBranch controller===
[10-Aug-2025 12:03:18 Europe/Berlin] input 
[10-Aug-2025 12:03:18 Europe/Berlin] === in process service===
[10-Aug-2025 12:03:18 Europe/Berlin] === in saveBranch BranchModel===
[10-Aug-2025 12:03:18 Europe/Berlin] sql branch  INSERT INTO branchmaster (name, email, url, phoneNo, mobile, officeType, eDate, createdAt, createdBy)
                VALUES ('', '', '', '', '', '', '', NOW(), 'ganga')
[10-Aug-2025 12:03:18 Europe/Berlin] BranchModel save called
[10-Aug-2025 12:03:18 Europe/Berlin] id is  44
[10-Aug-2025 12:03:18 Europe/Berlin] === in saveFile Filemodel===
[10-Aug-2025 12:03:18 Europe/Berlin] PHP Warning:  Undefined property: stdClass::$blob in C:\xampp\htdocs\php\model\FileModel.php on line 11
[10-Aug-2025 12:03:18 Europe/Berlin] === in saveFile Filemodel ends===
[10-Aug-2025 12:03:18 Europe/Berlin] === in saveAddress AddressModel===
[10-Aug-2025 12:03:18 Europe/Berlin] PHP Warning:  Undefined property: stdClass::$inputAddress in C:\xampp\htdocs\php\model\AddressModel.php on line 8
[10-Aug-2025 17:29:23 Europe/Berlin] === starting program execution ===
[10-Aug-2025 17:29:23 Europe/Berlin] Cleaned URI: /branchMaster
[10-Aug-2025 17:29:23 Europe/Berlin] sql branch  select * from branchmaster
[10-Aug-2025 17:29:26 Europe/Berlin] === starting program execution ===
[10-Aug-2025 17:29:26 Europe/Berlin] Cleaned URI: /branchMaster
[10-Aug-2025 17:29:26 Europe/Berlin] sql branch  select * from branchmaster
[10-Aug-2025 17:46:56 Europe/Berlin] === starting program execution ===
[10-Aug-2025 17:46:56 Europe/Berlin] Cleaned URI: /branchMaster
[10-Aug-2025 17:46:56 Europe/Berlin] sql branch  select * from branchmaster
[10-Aug-2025 17:46:56 Europe/Berlin] === starting program execution ===
[10-Aug-2025 17:46:56 Europe/Berlin] Cleaned URI: /branchMaster
[10-Aug-2025 17:46:56 Europe/Berlin] sql branch  select * from branchmaster
[10-Aug-2025 17:48:56 Europe/Berlin] === starting program execution ===
[10-Aug-2025 17:48:56 Europe/Berlin] Cleaned URI: /branchMaster
[10-Aug-2025 17:48:56 Europe/Berlin] sql branch  select * from branchmaster
[10-Aug-2025 17:50:45 Europe/Berlin] === starting program execution ===
[10-Aug-2025 17:50:45 Europe/Berlin] Cleaned URI: /branchMaster
[10-Aug-2025 17:50:45 Europe/Berlin] sql branch  select * from branchmaster
[10-Aug-2025 17:50:45 Europe/Berlin] === starting program execution ===
[10-Aug-2025 17:50:45 Europe/Berlin] Cleaned URI: /branchMaster
[10-Aug-2025 17:50:45 Europe/Berlin] sql branch  select * from branchmaster
[10-Aug-2025 17:52:28 Europe/Berlin] === starting program execution ===
[10-Aug-2025 17:52:28 Europe/Berlin] Cleaned URI: /branchMaster
[10-Aug-2025 17:52:28 Europe/Berlin] sql branch  select * from branchmaster
[11-Aug-2025 10:23:52 Europe/Berlin] === starting program execution ===
[11-Aug-2025 10:23:52 Europe/Berlin] Cleaned URI: /branchMaster
[11-Aug-2025 10:23:53 Europe/Berlin] sql branch  select * from branchmaster
[11-Aug-2025 10:24:02 Europe/Berlin] === starting program execution ===
[11-Aug-2025 10:24:02 Europe/Berlin] Cleaned URI: /branchMaster
[11-Aug-2025 10:24:02 Europe/Berlin] sql branch  select * from branchmaster
[11-Aug-2025 10:43:07 Europe/Berlin] === starting program execution ===
[11-Aug-2025 10:43:07 Europe/Berlin] Cleaned URI: /branchMaster
[11-Aug-2025 10:43:07 Europe/Berlin] sql branch  select * from branchmaster
[11-Aug-2025 10:43:11 Europe/Berlin] === starting program execution ===
[11-Aug-2025 10:43:11 Europe/Berlin] Cleaned URI: /branchMaster
[11-Aug-2025 10:43:11 Europe/Berlin] sql branch  select * from branchmaster
[11-Aug-2025 10:44:18 Europe/Berlin] === starting program execution ===
[11-Aug-2025 10:44:18 Europe/Berlin] Cleaned URI: /branchMaster
[11-Aug-2025 10:44:18 Europe/Berlin] sql branch  select * from branchmaster
[11-Aug-2025 10:44:21 Europe/Berlin] === starting program execution ===
[11-Aug-2025 10:44:21 Europe/Berlin] Cleaned URI: /branchMaster
[11-Aug-2025 10:44:21 Europe/Berlin] sql branch  select * from branchmaster
[11-Aug-2025 10:44:39 Europe/Berlin] === starting program execution ===
[11-Aug-2025 10:44:39 Europe/Berlin] Cleaned URI: /branchMaster
[11-Aug-2025 10:44:39 Europe/Berlin] sql branch  select * from branchmaster
[11-Aug-2025 10:45:54 Europe/Berlin] === starting program execution ===
[11-Aug-2025 10:45:54 Europe/Berlin] Cleaned URI: /branchMaster
[11-Aug-2025 10:45:54 Europe/Berlin] sql branch  select * from branchmaster
[11-Aug-2025 10:49:50 Europe/Berlin] === starting program execution ===
[11-Aug-2025 10:49:50 Europe/Berlin] Cleaned URI: /branchMaster
[11-Aug-2025 10:49:50 Europe/Berlin] sql branch  select * from branchmaster
[11-Aug-2025 10:49:53 Europe/Berlin] === starting program execution ===
[11-Aug-2025 10:49:53 Europe/Berlin] Cleaned URI: /branchMaster
[11-Aug-2025 10:49:53 Europe/Berlin] sql branch  select * from branchmaster
[11-Aug-2025 13:06:34 Europe/Berlin] === starting program execution ===
[11-Aug-2025 13:06:34 Europe/Berlin] Cleaned URI: /branchMaster
[11-Aug-2025 13:06:34 Europe/Berlin] sql branch  select * from branchmaster
[11-Aug-2025 13:09:19 Europe/Berlin] === starting program execution ===
[11-Aug-2025 13:09:19 Europe/Berlin] Cleaned URI: /branchMaster
[11-Aug-2025 13:09:19 Europe/Berlin] sql branch  select * from branchmaster
[11-Aug-2025 13:10:13 Europe/Berlin] === starting program execution ===
[11-Aug-2025 13:10:13 Europe/Berlin] Cleaned URI: /branchMaster
[11-Aug-2025 13:10:13 Europe/Berlin] sql branch  select * from branchmaster
[11-Aug-2025 13:10:17 Europe/Berlin] === starting program execution ===
[11-Aug-2025 13:10:17 Europe/Berlin] Cleaned URI: /branchMaster
[11-Aug-2025 13:10:18 Europe/Berlin] sql branch  select * from branchmaster
[11-Aug-2025 13:10:50 Europe/Berlin] === starting program execution ===
[11-Aug-2025 13:10:50 Europe/Berlin] Cleaned URI: /branchMaster
[11-Aug-2025 13:10:50 Europe/Berlin] sql branch  select * from branchmaster
[11-Aug-2025 13:11:50 Europe/Berlin] === starting program execution ===
[11-Aug-2025 13:11:50 Europe/Berlin] Cleaned URI: /branchMaster
[11-Aug-2025 13:11:50 Europe/Berlin] sql branch  select * from branchmaster
[11-Aug-2025 13:13:14 Europe/Berlin] === starting program execution ===
[11-Aug-2025 13:13:14 Europe/Berlin] Cleaned URI: /branchMaster
[11-Aug-2025 13:13:14 Europe/Berlin] sql branch  select * from branchmaster
[11-Aug-2025 13:20:05 Europe/Berlin] === starting program execution ===
[11-Aug-2025 13:20:05 Europe/Berlin] Cleaned URI: /branchMaster
[11-Aug-2025 13:20:05 Europe/Berlin] sql branch  select * from branchmaster
[11-Aug-2025 13:24:58 Europe/Berlin] === starting program execution ===
[11-Aug-2025 13:24:58 Europe/Berlin] Cleaned URI: /branchMaster
[11-Aug-2025 13:24:58 Europe/Berlin] sql branch  select * from branchmaster
[11-Aug-2025 13:30:51 Europe/Berlin] === starting program execution ===
[11-Aug-2025 13:30:51 Europe/Berlin] Cleaned URI: /branchMaster
[11-Aug-2025 13:30:51 Europe/Berlin] sql branch  select * from branchmaster
[11-Aug-2025 13:31:24 Europe/Berlin] === starting program execution ===
[11-Aug-2025 13:31:24 Europe/Berlin] Cleaned URI: /branchMaster
[11-Aug-2025 13:31:24 Europe/Berlin] sql branch  select * from branchmaster
[11-Aug-2025 13:55:03 Europe/Berlin] === starting program execution ===
[11-Aug-2025 13:55:03 Europe/Berlin] Cleaned URI: /branchMaster
[11-Aug-2025 13:55:03 Europe/Berlin] sql branch  select * from branchmaster
[11-Aug-2025 14:01:41 Europe/Berlin] === starting program execution ===
[11-Aug-2025 14:01:41 Europe/Berlin] Cleaned URI: /branchMaster
[11-Aug-2025 14:01:41 Europe/Berlin] sql branch  select * from branchmaster
[11-Aug-2025 14:03:09 Europe/Berlin] === starting program execution ===
[11-Aug-2025 14:03:09 Europe/Berlin] Cleaned URI: /branchMaster
[11-Aug-2025 14:03:09 Europe/Berlin] sql branch  select * from branchmaster
[11-Aug-2025 14:03:17 Europe/Berlin] === starting program execution ===
[11-Aug-2025 14:03:17 Europe/Berlin] Cleaned URI: /branchMaster
[11-Aug-2025 14:03:17 Europe/Berlin] sql branch  select * from branchmaster
[11-Aug-2025 14:06:49 Europe/Berlin] === starting program execution ===
[11-Aug-2025 14:06:49 Europe/Berlin] Cleaned URI: /branchMaster
[11-Aug-2025 14:06:49 Europe/Berlin] sql branch  select * from branchmaster
[11-Aug-2025 14:14:26 Europe/Berlin] === starting program execution ===
[11-Aug-2025 14:14:26 Europe/Berlin] Cleaned URI: /branchMaster
[11-Aug-2025 14:14:26 Europe/Berlin] sql branch  select * from branchmaster
[11-Aug-2025 14:14:32 Europe/Berlin] === starting program execution ===
[11-Aug-2025 14:14:32 Europe/Berlin] Cleaned URI: /branchMaster
[11-Aug-2025 14:14:32 Europe/Berlin] sql branch  select * from branchmaster
[11-Aug-2025 15:22:57 Europe/Berlin] === starting program execution ===
[11-Aug-2025 15:22:57 Europe/Berlin] Cleaned URI: /branchMaster
[11-Aug-2025 15:22:58 Europe/Berlin] sql branch  select * from branchmaster
[11-Aug-2025 15:24:35 Europe/Berlin] === starting program execution ===
[11-Aug-2025 15:24:35 Europe/Berlin] Cleaned URI: /branchMaster
[11-Aug-2025 15:24:35 Europe/Berlin] sql branch  select * from branchmaster
[11-Aug-2025 15:27:35 Europe/Berlin] === starting program execution ===
[11-Aug-2025 15:27:35 Europe/Berlin] Cleaned URI: /branchMaster
[11-Aug-2025 15:27:35 Europe/Berlin] sql branch  select * from branchmaster
[11-Aug-2025 15:29:14 Europe/Berlin] === starting program execution ===
[11-Aug-2025 15:29:14 Europe/Berlin] Cleaned URI: /branchMaster
[11-Aug-2025 15:29:14 Europe/Berlin] sql branch  select * from branchmaster
[11-Aug-2025 15:29:23 Europe/Berlin] === starting program execution ===
[11-Aug-2025 15:29:23 Europe/Berlin] Cleaned URI: /branchMaster
[11-Aug-2025 15:29:23 Europe/Berlin] sql branch  select * from branchmaster
[11-Aug-2025 15:33:48 Europe/Berlin] === starting program execution ===
[11-Aug-2025 15:33:48 Europe/Berlin] Cleaned URI: /branchMaster
[11-Aug-2025 15:33:48 Europe/Berlin] sql branch  select * from branchmaster
[11-Aug-2025 15:34:15 Europe/Berlin] === starting program execution ===
[11-Aug-2025 15:34:15 Europe/Berlin] Cleaned URI: /branchMaster
[11-Aug-2025 15:34:15 Europe/Berlin] sql branch  select * from branchmaster
[11-Aug-2025 15:34:33 Europe/Berlin] === starting program execution ===
[11-Aug-2025 15:34:33 Europe/Berlin] Cleaned URI: /branchMaster
[11-Aug-2025 15:34:33 Europe/Berlin] sql branch  select * from branchmaster
[11-Aug-2025 15:34:35 Europe/Berlin] === starting program execution ===
[11-Aug-2025 15:34:35 Europe/Berlin] Cleaned URI: /branchMaster
[11-Aug-2025 15:34:35 Europe/Berlin] sql branch  select * from branchmaster
[11-Aug-2025 15:35:24 Europe/Berlin] === starting program execution ===
[11-Aug-2025 15:35:24 Europe/Berlin] Cleaned URI: /branchMaster
[11-Aug-2025 15:35:24 Europe/Berlin] sql branch  select * from branchmaster
[11-Aug-2025 15:35:28 Europe/Berlin] === starting program execution ===
[11-Aug-2025 15:35:28 Europe/Berlin] Cleaned URI: /branchMaster
[11-Aug-2025 15:35:28 Europe/Berlin] sql branch  select * from branchmaster
[11-Aug-2025 15:36:03 Europe/Berlin] === starting program execution ===
[11-Aug-2025 15:36:03 Europe/Berlin] Cleaned URI: /branchMaster
[11-Aug-2025 15:36:03 Europe/Berlin] sql branch  select * from branchmaster
[11-Aug-2025 15:37:59 Europe/Berlin] === starting program execution ===
[11-Aug-2025 15:37:59 Europe/Berlin] Cleaned URI: /branchMaster
[11-Aug-2025 15:37:59 Europe/Berlin] sql branch  select * from branchmaster
[11-Aug-2025 15:40:29 Europe/Berlin] === starting program execution ===
[11-Aug-2025 15:40:29 Europe/Berlin] Cleaned URI: /branchMaster
[11-Aug-2025 15:40:29 Europe/Berlin] sql branch  select * from branchmaster
[11-Aug-2025 15:41:17 Europe/Berlin] === starting program execution ===
[11-Aug-2025 15:41:17 Europe/Berlin] Cleaned URI: /branchMaster
[11-Aug-2025 15:41:17 Europe/Berlin] sql branch  select * from branchmaster
[11-Aug-2025 15:41:28 Europe/Berlin] === starting program execution ===
[11-Aug-2025 15:41:28 Europe/Berlin] Cleaned URI: /branchMaster
[11-Aug-2025 15:41:28 Europe/Berlin] sql branch  select * from branchmaster
[11-Aug-2025 15:41:34 Europe/Berlin] === starting program execution ===
[11-Aug-2025 15:41:34 Europe/Berlin] Cleaned URI: /branchMaster
[11-Aug-2025 15:41:34 Europe/Berlin] sql branch  select * from branchmaster
[11-Aug-2025 15:41:40 Europe/Berlin] === starting program execution ===
[11-Aug-2025 15:41:40 Europe/Berlin] Cleaned URI: /branchMaster
[11-Aug-2025 15:41:40 Europe/Berlin] sql branch  select * from branchmaster
[11-Aug-2025 15:43:14 Europe/Berlin] === starting program execution ===
[11-Aug-2025 15:43:14 Europe/Berlin] Cleaned URI: /branchMaster
[11-Aug-2025 15:43:14 Europe/Berlin] sql branch  select * from branchmaster
[11-Aug-2025 17:31:09 Europe/Berlin] === starting program execution ===
[11-Aug-2025 17:31:09 Europe/Berlin] Cleaned URI: /branchMaster
[11-Aug-2025 17:31:09 Europe/Berlin] sql branch  select * from branchmaster
[11-Aug-2025 17:33:46 Europe/Berlin] === starting program execution ===
[11-Aug-2025 17:33:46 Europe/Berlin] Cleaned URI: /branchMaster
[11-Aug-2025 17:33:46 Europe/Berlin] sql branch  select * from branchmaster
[11-Aug-2025 17:37:13 Europe/Berlin] === starting program execution ===
[11-Aug-2025 17:37:13 Europe/Berlin] Cleaned URI: /branchMaster
[11-Aug-2025 17:37:13 Europe/Berlin] sql branch  select * from branchmaster
[11-Aug-2025 17:37:34 Europe/Berlin] === starting program execution ===
[11-Aug-2025 17:37:34 Europe/Berlin] Cleaned URI: /branchMaster
[11-Aug-2025 17:37:34 Europe/Berlin] sql branch  select * from branchmaster
[11-Aug-2025 17:38:26 Europe/Berlin] === starting program execution ===
[11-Aug-2025 17:38:26 Europe/Berlin] Cleaned URI: /branchMaster
[11-Aug-2025 17:38:26 Europe/Berlin] sql branch  select * from branchmaster
[11-Aug-2025 17:52:05 Europe/Berlin] === starting program execution ===
[11-Aug-2025 17:52:05 Europe/Berlin] Cleaned URI: /branchMaster
[11-Aug-2025 17:52:05 Europe/Berlin] sql branch  select * from branchmaster
[11-Aug-2025 17:52:15 Europe/Berlin] === starting program execution ===
[11-Aug-2025 17:52:15 Europe/Berlin] Cleaned URI: /branchMaster
[11-Aug-2025 17:52:15 Europe/Berlin] sql branch  select * from branchmaster
[11-Aug-2025 18:30:38 Europe/Berlin] === starting program execution ===
[11-Aug-2025 18:30:38 Europe/Berlin] Cleaned URI: /branchMaster
[11-Aug-2025 18:30:39 Europe/Berlin] sql branch  select * from branchmaster
[11-Aug-2025 18:35:57 Europe/Berlin] === starting program execution ===
[11-Aug-2025 18:35:57 Europe/Berlin] Cleaned URI: /branchMaster
[11-Aug-2025 18:35:57 Europe/Berlin] === starting program execution ===
[11-Aug-2025 18:35:57 Europe/Berlin] Cleaned URI: /branchMaster
[11-Aug-2025 18:35:57 Europe/Berlin] sql branch  select * from branchmaster
[11-Aug-2025 18:35:57 Europe/Berlin] sql branch  select * from branchmaster
[11-Aug-2025 18:36:09 Europe/Berlin] === starting program execution ===
[11-Aug-2025 18:36:09 Europe/Berlin] Cleaned URI: /branchMaster
[11-Aug-2025 18:36:09 Europe/Berlin] sql branch  select * from branchmaster
[11-Aug-2025 18:36:12 Europe/Berlin] === starting program execution ===
[11-Aug-2025 18:36:12 Europe/Berlin] Cleaned URI: /branchMaster
[11-Aug-2025 18:36:12 Europe/Berlin] sql branch  select * from branchmaster
[11-Aug-2025 18:39:29 Europe/Berlin] === starting program execution ===
[11-Aug-2025 18:39:29 Europe/Berlin] Cleaned URI: /branchMaster
[11-Aug-2025 18:39:29 Europe/Berlin] sql branch  select * from branchmaster
[11-Aug-2025 18:39:31 Europe/Berlin] === starting program execution ===
[11-Aug-2025 18:39:31 Europe/Berlin] Cleaned URI: /branchMaster
[11-Aug-2025 18:39:31 Europe/Berlin] sql branch  select * from branchmaster
[11-Aug-2025 18:39:41 Europe/Berlin] === starting program execution ===
[11-Aug-2025 18:39:41 Europe/Berlin] Cleaned URI: /branchMaster
[11-Aug-2025 18:39:41 Europe/Berlin] sql branch  select * from branchmaster
[11-Aug-2025 18:39:41 Europe/Berlin] === starting program execution ===
[11-Aug-2025 18:39:41 Europe/Berlin] Cleaned URI: /branchMaster
[11-Aug-2025 18:39:41 Europe/Berlin] sql branch  select * from branchmaster
[11-Aug-2025 18:40:02 Europe/Berlin] === starting program execution ===
[11-Aug-2025 18:40:02 Europe/Berlin] Cleaned URI: /branchMaster
[11-Aug-2025 18:40:02 Europe/Berlin] sql branch  select * from branchmaster
[11-Aug-2025 18:40:02 Europe/Berlin] === starting program execution ===
[11-Aug-2025 18:40:02 Europe/Berlin] Cleaned URI: /branchMaster
[11-Aug-2025 18:40:02 Europe/Berlin] sql branch  select * from branchmaster
[11-Aug-2025 18:40:09 Europe/Berlin] === starting program execution ===
[11-Aug-2025 18:40:09 Europe/Berlin] Cleaned URI: /branchMaster
[11-Aug-2025 18:40:09 Europe/Berlin] sql branch  select * from branchmaster
[11-Aug-2025 18:40:09 Europe/Berlin] === starting program execution ===
[11-Aug-2025 18:40:09 Europe/Berlin] Cleaned URI: /branchMaster
[11-Aug-2025 18:40:09 Europe/Berlin] sql branch  select * from branchmaster
[11-Aug-2025 18:40:26 Europe/Berlin] === starting program execution ===
[11-Aug-2025 18:40:26 Europe/Berlin] Cleaned URI: /branchMaster
[11-Aug-2025 18:40:26 Europe/Berlin] sql branch  select * from branchmaster
[11-Aug-2025 18:48:39 Europe/Berlin] === starting program execution ===
[11-Aug-2025 18:48:39 Europe/Berlin] Cleaned URI: /branchMaster
[11-Aug-2025 18:48:39 Europe/Berlin] sql branch  select * from branchmaster
[11-Aug-2025 18:48:59 Europe/Berlin] === starting program execution ===
[11-Aug-2025 18:48:59 Europe/Berlin] Cleaned URI: /branchMaster
[11-Aug-2025 18:48:59 Europe/Berlin] sql branch  select * from branchmaster
[11-Aug-2025 18:49:13 Europe/Berlin] === starting program execution ===
[11-Aug-2025 18:49:13 Europe/Berlin] Cleaned URI: /branchMaster
[11-Aug-2025 18:49:13 Europe/Berlin] sql branch  select * from branchmaster
[12-Aug-2025 09:33:16 Europe/Berlin] === starting program execution ===
[12-Aug-2025 09:33:16 Europe/Berlin] Cleaned URI: /branchMaster
[12-Aug-2025 09:33:16 Europe/Berlin] sql branch  select * from branchmaster
[12-Aug-2025 09:33:16 Europe/Berlin] === starting program execution ===
[12-Aug-2025 09:33:16 Europe/Berlin] Cleaned URI: /branchMaster
[12-Aug-2025 09:33:16 Europe/Berlin] sql branch  select * from branchmaster
[12-Aug-2025 09:36:05 Europe/Berlin] === starting program execution ===
[12-Aug-2025 09:36:05 Europe/Berlin] Cleaned URI: /branchMaster
[12-Aug-2025 09:36:06 Europe/Berlin] sql branch  select * from branchmaster
[12-Aug-2025 09:36:06 Europe/Berlin] === starting program execution ===
[12-Aug-2025 09:36:06 Europe/Berlin] Cleaned URI: /branchMaster
[12-Aug-2025 09:36:06 Europe/Berlin] sql branch  select * from branchmaster
[12-Aug-2025 09:36:45 Europe/Berlin] === starting program execution ===
[12-Aug-2025 09:36:45 Europe/Berlin] Cleaned URI: /branchMaster
[12-Aug-2025 09:36:45 Europe/Berlin] sql branch  select * from branchmaster
[12-Aug-2025 09:36:51 Europe/Berlin] === starting program execution ===
[12-Aug-2025 09:36:51 Europe/Berlin] Cleaned URI: /branchMaster
[12-Aug-2025 09:36:51 Europe/Berlin] sql branch  select * from branchmaster
[12-Aug-2025 09:38:32 Europe/Berlin] === starting program execution ===
[12-Aug-2025 09:38:32 Europe/Berlin] Cleaned URI: /branchMaster
[12-Aug-2025 09:38:32 Europe/Berlin] sql branch  select * from branchmaster
[12-Aug-2025 09:39:29 Europe/Berlin] === starting program execution ===
[12-Aug-2025 09:39:29 Europe/Berlin] Cleaned URI: /branchMaster
[12-Aug-2025 09:39:29 Europe/Berlin] sql branch  select * from branchmaster
[12-Aug-2025 09:39:30 Europe/Berlin] === starting program execution ===
[12-Aug-2025 09:39:30 Europe/Berlin] Cleaned URI: /branchMaster
[12-Aug-2025 09:39:30 Europe/Berlin] sql branch  select * from branchmaster
[12-Aug-2025 09:39:47 Europe/Berlin] === starting program execution ===
[12-Aug-2025 09:39:47 Europe/Berlin] Cleaned URI: /branchMaster
[12-Aug-2025 09:39:47 Europe/Berlin] sql branch  select * from branchmaster
[12-Aug-2025 09:39:48 Europe/Berlin] === starting program execution ===
[12-Aug-2025 09:39:48 Europe/Berlin] Cleaned URI: /branchMaster
[12-Aug-2025 09:39:48 Europe/Berlin] sql branch  select * from branchmaster
[12-Aug-2025 09:39:49 Europe/Berlin] === starting program execution ===
[12-Aug-2025 09:39:49 Europe/Berlin] Cleaned URI: /branchMaster
[12-Aug-2025 09:39:49 Europe/Berlin] sql branch  select * from branchmaster
[12-Aug-2025 09:41:24 Europe/Berlin] === starting program execution ===
[12-Aug-2025 09:41:24 Europe/Berlin] Cleaned URI: /branchMaster
[12-Aug-2025 09:41:24 Europe/Berlin] sql branch  select * from branchmaster
[12-Aug-2025 09:41:24 Europe/Berlin] === starting program execution ===
[12-Aug-2025 09:41:24 Europe/Berlin] Cleaned URI: /branchMaster
[12-Aug-2025 09:41:24 Europe/Berlin] sql branch  select * from branchmaster
[12-Aug-2025 09:44:01 Europe/Berlin] === starting program execution ===
[12-Aug-2025 09:44:01 Europe/Berlin] Cleaned URI: /branchMaster
[12-Aug-2025 09:44:01 Europe/Berlin] sql branch  select * from branchmaster
[12-Aug-2025 09:48:53 Europe/Berlin] === starting program execution ===
[12-Aug-2025 09:48:53 Europe/Berlin] Cleaned URI: /branchMaster
[12-Aug-2025 09:48:53 Europe/Berlin] sql branch  select * from branchmaster
[12-Aug-2025 09:49:30 Europe/Berlin] === starting program execution ===
[12-Aug-2025 09:49:30 Europe/Berlin] Cleaned URI: /branchMaster
[12-Aug-2025 09:49:30 Europe/Berlin] sql branch  select * from branchmaster
[12-Aug-2025 09:49:42 Europe/Berlin] === starting program execution ===
[12-Aug-2025 09:49:42 Europe/Berlin] Cleaned URI: /branchMaster
[12-Aug-2025 09:49:42 Europe/Berlin] sql branch  select * from branchmaster
[12-Aug-2025 09:49:56 Europe/Berlin] === starting program execution ===
[12-Aug-2025 09:49:56 Europe/Berlin] Cleaned URI: /branchMaster
[12-Aug-2025 09:49:56 Europe/Berlin] sql branch  select * from branchmaster
[12-Aug-2025 09:50:08 Europe/Berlin] === starting program execution ===
[12-Aug-2025 09:50:08 Europe/Berlin] Cleaned URI: /branchMaster
[12-Aug-2025 09:50:08 Europe/Berlin] sql branch  select * from branchmaster
[12-Aug-2025 09:51:38 Europe/Berlin] === starting program execution ===
[12-Aug-2025 09:51:38 Europe/Berlin] Cleaned URI: /branchMaster
[12-Aug-2025 09:51:38 Europe/Berlin] sql branch  select * from branchmaster
[12-Aug-2025 09:52:12 Europe/Berlin] === starting program execution ===
[12-Aug-2025 09:52:12 Europe/Berlin] Cleaned URI: /branchMaster
[12-Aug-2025 09:52:12 Europe/Berlin] sql branch  select * from branchmaster
[12-Aug-2025 09:52:12 Europe/Berlin] === starting program execution ===
[12-Aug-2025 09:52:12 Europe/Berlin] Cleaned URI: /branchMaster
[12-Aug-2025 09:52:12 Europe/Berlin] sql branch  select * from branchmaster
[12-Aug-2025 13:03:02 Europe/Berlin] === starting program execution ===
[12-Aug-2025 13:03:02 Europe/Berlin] Cleaned URI: /branchMaster
[12-Aug-2025 13:03:02 Europe/Berlin] sql branch  select * from branchmaster
[12-Aug-2025 13:03:03 Europe/Berlin] === starting program execution ===
[12-Aug-2025 13:03:03 Europe/Berlin] Cleaned URI: /branchMaster
[12-Aug-2025 13:03:03 Europe/Berlin] sql branch  select * from branchmaster
[12-Aug-2025 13:03:10 Europe/Berlin] === starting program execution ===
[12-Aug-2025 13:03:10 Europe/Berlin] Cleaned URI: /branchMaster
[12-Aug-2025 13:03:10 Europe/Berlin] sql branch  select * from branchmaster
[12-Aug-2025 13:03:10 Europe/Berlin] === starting program execution ===
[12-Aug-2025 13:03:10 Europe/Berlin] Cleaned URI: /branchMaster
[12-Aug-2025 13:03:10 Europe/Berlin] sql branch  select * from branchmaster
[12-Aug-2025 13:52:18 Europe/Berlin] === starting program execution ===
[12-Aug-2025 13:52:18 Europe/Berlin] Cleaned URI: /branchMaster
[12-Aug-2025 13:52:18 Europe/Berlin] sql branch  select * from branchmaster
